<?xml version="1.0" encoding="UTF-8"?>
<testsuite name="GolfTeeSolverAppTest" tests="4" skipped="0" failures="0" errors="0" timestamp="2019-09-17T19:13:04" hostname="DESKTOP-IFKHLR1" time="0.11">
  <properties/>
  <testcase name="getShouldReturnTeeWhenLocationIs2" classname="GolfTeeSolverAppTest" time="0.003"/>
  <testcase name="getShouldReturnEmptyWhenLocationIs1" classname="GolfTeeSolverAppTest" time="0.0"/>
  <testcase name="solveShouldAddNewMoveToList" classname="GolfTeeSolverAppTest" time="0.106"/>
  <testcase name="move2to7ShouldReturn2to7" classname="GolfTeeSolverAppTest" time="0.0"/>
  <system-out><![CDATA[]]></system-out>
  <system-err><![CDATA[]]></system-err>
</testsuite>
