<?xml version="1.0" encoding="UTF-8"?>
<testsuite name="GolfTeeSolverAppTest" tests="2" skipped="0" failures="0" errors="0" timestamp="2019-09-17T18:16:06" hostname="DESKTOP-IFKHLR1" time="0.004">
  <properties/>
  <testcase name="getShouldReturnEmptyWhenLocationIs1" classname="GolfTeeSolverAppTest" time="0.003"/>
  <testcase name="move2to7ShouldReturn2to7" classname="GolfTeeSolverAppTest" time="0.0"/>
  <system-out><![CDATA[]]></system-out>
  <system-err><![CDATA[]]></system-err>
</testsuite>
