<?xml version="1.0" encoding="UTF-8"?>
<testsuite name="GolfTeeSolverAppTest" tests="1" skipped="0" failures="0" errors="0" timestamp="2019-09-17T16:24:16" hostname="DESKTOP-IFKHLR1" time="0.004">
  <properties/>
  <testcase name="initialBoardShouldHave13Tees" classname="GolfTeeSolverAppTest" time="0.004"/>
  <system-out><![CDATA[]]></system-out>
  <system-err><![CDATA[]]></system-err>
</testsuite>
